[2021-07-11 13:05:56] local.ERROR: rename(D:\php\laravel-insomnia-smartpantry-api\bootstrap\cache\pac73A.tmp,D:\php\laravel-insomnia-smartpantry-api\bootstrap\cache\packages.php): Access is denied (code: 5) {"exception":"[object] (ErrorException(code: 0): rename(D:\\php\\laravel-insomnia-smartpantry-api\\bootstrap\\cache\\pac73A.tmp,D:\\php\\laravel-insomnia-smartpantry-api\\bootstrap\\cache\\packages.php): Access is denied (code: 5) at D:\\php\\laravel-insomnia-smartpantry-api\\vendor\\laravel\\framework\\src\\Illuminate\\Filesystem\\Filesystem.php:211)
[stacktrace]
#0 [internal function]: Illuminate\\Foundation\\Bootstrap\\HandleExceptions->handleError()
#1 D:\\php\\laravel-insomnia-smartpantry-api\\vendor\\laravel\\framework\\src\\Illuminate\\Filesystem\\Filesystem.php(211): rename()
#2 D:\\php\\laravel-insomnia-smartpantry-api\\vendor\\laravel\\framework\\src\\Illuminate\\Foundation\\PackageManifest.php(181): Illuminate\\Filesystem\\Filesystem->replace()
#3 D:\\php\\laravel-insomnia-smartpantry-api\\vendor\\laravel\\framework\\src\\Illuminate\\Foundation\\PackageManifest.php(136): Illuminate\\Foundation\\PackageManifest->write()
#4 D:\\php\\laravel-insomnia-smartpantry-api\\vendor\\laravel\\framework\\src\\Illuminate\\Foundation\\Console\\PackageDiscoverCommand.php(32): Illuminate\\Foundation\\PackageManifest->build()
#5 D:\\php\\laravel-insomnia-smartpantry-api\\vendor\\laravel\\framework\\src\\Illuminate\\Container\\BoundMethod.php(36): Illuminate\\Foundation\\Console\\PackageDiscoverCommand->handle()
#6 D:\\php\\laravel-insomnia-smartpantry-api\\vendor\\laravel\\framework\\src\\Illuminate\\Container\\Util.php(40): Illuminate\\Container\\BoundMethod::Illuminate\\Container\\{closure}()
#7 D:\\php\\laravel-insomnia-smartpantry-api\\vendor\\laravel\\framework\\src\\Illuminate\\Container\\BoundMethod.php(93): Illuminate\\Container\\Util::unwrapIfClosure()
#8 D:\\php\\laravel-insomnia-smartpantry-api\\vendor\\laravel\\framework\\src\\Illuminate\\Container\\BoundMethod.php(37): Illuminate\\Container\\BoundMethod::callBoundMethod()
#9 D:\\php\\laravel-insomnia-smartpantry-api\\vendor\\laravel\\framework\\src\\Illuminate\\Container\\Container.php(651): Illuminate\\Container\\BoundMethod::call()
#10 D:\\php\\laravel-insomnia-smartpantry-api\\vendor\\laravel\\framework\\src\\Illuminate\\Console\\Command.php(136): Illuminate\\Container\\Container->call()
#11 D:\\php\\laravel-insomnia-smartpantry-api\\vendor\\symfony\\console\\Command\\Command.php(299): Illuminate\\Console\\Command->execute()
#12 D:\\php\\laravel-insomnia-smartpantry-api\\vendor\\laravel\\framework\\src\\Illuminate\\Console\\Command.php(121): Symfony\\Component\\Console\\Command\\Command->run()
#13 D:\\php\\laravel-insomnia-smartpantry-api\\vendor\\symfony\\console\\Application.php(978): Illuminate\\Console\\Command->run()
#14 D:\\php\\laravel-insomnia-smartpantry-api\\vendor\\symfony\\console\\Application.php(295): Symfony\\Component\\Console\\Application->doRunCommand()
#15 D:\\php\\laravel-insomnia-smartpantry-api\\vendor\\symfony\\console\\Application.php(167): Symfony\\Component\\Console\\Application->doRun()
#16 D:\\php\\laravel-insomnia-smartpantry-api\\vendor\\laravel\\framework\\src\\Illuminate\\Console\\Application.php(92): Symfony\\Component\\Console\\Application->run()
#17 D:\\php\\laravel-insomnia-smartpantry-api\\vendor\\laravel\\framework\\src\\Illuminate\\Foundation\\Console\\Kernel.php(129): Illuminate\\Console\\Application->run()
#18 D:\\php\\laravel-insomnia-smartpantry-api\\artisan(37): Illuminate\\Foundation\\Console\\Kernel->handle()
#19 {main}
"} 
[2021-07-11 13:14:13] local.ERROR: rename(D:\php\laravel-insomnia-smartpantry-api\bootstrap\cache\pac9F90.tmp,D:\php\laravel-insomnia-smartpantry-api\bootstrap\cache\packages.php): Access is denied (code: 5) {"exception":"[object] (ErrorException(code: 0): rename(D:\\php\\laravel-insomnia-smartpantry-api\\bootstrap\\cache\\pac9F90.tmp,D:\\php\\laravel-insomnia-smartpantry-api\\bootstrap\\cache\\packages.php): Access is denied (code: 5) at D:\\php\\laravel-insomnia-smartpantry-api\\vendor\\laravel\\framework\\src\\Illuminate\\Filesystem\\Filesystem.php:211)
[stacktrace]
#0 [internal function]: Illuminate\\Foundation\\Bootstrap\\HandleExceptions->handleError()
#1 D:\\php\\laravel-insomnia-smartpantry-api\\vendor\\laravel\\framework\\src\\Illuminate\\Filesystem\\Filesystem.php(211): rename()
#2 D:\\php\\laravel-insomnia-smartpantry-api\\vendor\\laravel\\framework\\src\\Illuminate\\Foundation\\PackageManifest.php(181): Illuminate\\Filesystem\\Filesystem->replace()
#3 D:\\php\\laravel-insomnia-smartpantry-api\\vendor\\laravel\\framework\\src\\Illuminate\\Foundation\\PackageManifest.php(136): Illuminate\\Foundation\\PackageManifest->write()
#4 D:\\php\\laravel-insomnia-smartpantry-api\\vendor\\laravel\\framework\\src\\Illuminate\\Foundation\\Console\\PackageDiscoverCommand.php(32): Illuminate\\Foundation\\PackageManifest->build()
#5 D:\\php\\laravel-insomnia-smartpantry-api\\vendor\\laravel\\framework\\src\\Illuminate\\Container\\BoundMethod.php(36): Illuminate\\Foundation\\Console\\PackageDiscoverCommand->handle()
#6 D:\\php\\laravel-insomnia-smartpantry-api\\vendor\\laravel\\framework\\src\\Illuminate\\Container\\Util.php(40): Illuminate\\Container\\BoundMethod::Illuminate\\Container\\{closure}()
#7 D:\\php\\laravel-insomnia-smartpantry-api\\vendor\\laravel\\framework\\src\\Illuminate\\Container\\BoundMethod.php(93): Illuminate\\Container\\Util::unwrapIfClosure()
#8 D:\\php\\laravel-insomnia-smartpantry-api\\vendor\\laravel\\framework\\src\\Illuminate\\Container\\BoundMethod.php(37): Illuminate\\Container\\BoundMethod::callBoundMethod()
#9 D:\\php\\laravel-insomnia-smartpantry-api\\vendor\\laravel\\framework\\src\\Illuminate\\Container\\Container.php(651): Illuminate\\Container\\BoundMethod::call()
#10 D:\\php\\laravel-insomnia-smartpantry-api\\vendor\\laravel\\framework\\src\\Illuminate\\Console\\Command.php(136): Illuminate\\Container\\Container->call()
#11 D:\\php\\laravel-insomnia-smartpantry-api\\vendor\\symfony\\console\\Command\\Command.php(299): Illuminate\\Console\\Command->execute()
#12 D:\\php\\laravel-insomnia-smartpantry-api\\vendor\\laravel\\framework\\src\\Illuminate\\Console\\Command.php(121): Symfony\\Component\\Console\\Command\\Command->run()
#13 D:\\php\\laravel-insomnia-smartpantry-api\\vendor\\symfony\\console\\Application.php(978): Illuminate\\Console\\Command->run()
#14 D:\\php\\laravel-insomnia-smartpantry-api\\vendor\\symfony\\console\\Application.php(295): Symfony\\Component\\Console\\Application->doRunCommand()
#15 D:\\php\\laravel-insomnia-smartpantry-api\\vendor\\symfony\\console\\Application.php(167): Symfony\\Component\\Console\\Application->doRun()
#16 D:\\php\\laravel-insomnia-smartpantry-api\\vendor\\laravel\\framework\\src\\Illuminate\\Console\\Application.php(92): Symfony\\Component\\Console\\Application->run()
#17 D:\\php\\laravel-insomnia-smartpantry-api\\vendor\\laravel\\framework\\src\\Illuminate\\Foundation\\Console\\Kernel.php(129): Illuminate\\Console\\Application->run()
#18 D:\\php\\laravel-insomnia-smartpantry-api\\artisan(37): Illuminate\\Foundation\\Console\\Kernel->handle()
#19 {main}
"} 
[2021-07-11 13:14:38] local.ERROR: rename(D:\php\laravel-insomnia-smartpantry-api\bootstrap\cache\pacFDFB.tmp,D:\php\laravel-insomnia-smartpantry-api\bootstrap\cache\packages.php): Access is denied (code: 5) {"exception":"[object] (ErrorException(code: 0): rename(D:\\php\\laravel-insomnia-smartpantry-api\\bootstrap\\cache\\pacFDFB.tmp,D:\\php\\laravel-insomnia-smartpantry-api\\bootstrap\\cache\\packages.php): Access is denied (code: 5) at D:\\php\\laravel-insomnia-smartpantry-api\\vendor\\laravel\\framework\\src\\Illuminate\\Filesystem\\Filesystem.php:211)
[stacktrace]
#0 [internal function]: Illuminate\\Foundation\\Bootstrap\\HandleExceptions->handleError()
#1 D:\\php\\laravel-insomnia-smartpantry-api\\vendor\\laravel\\framework\\src\\Illuminate\\Filesystem\\Filesystem.php(211): rename()
#2 D:\\php\\laravel-insomnia-smartpantry-api\\vendor\\laravel\\framework\\src\\Illuminate\\Foundation\\PackageManifest.php(181): Illuminate\\Filesystem\\Filesystem->replace()
#3 D:\\php\\laravel-insomnia-smartpantry-api\\vendor\\laravel\\framework\\src\\Illuminate\\Foundation\\PackageManifest.php(136): Illuminate\\Foundation\\PackageManifest->write()
#4 D:\\php\\laravel-insomnia-smartpantry-api\\vendor\\laravel\\framework\\src\\Illuminate\\Foundation\\Console\\PackageDiscoverCommand.php(32): Illuminate\\Foundation\\PackageManifest->build()
#5 D:\\php\\laravel-insomnia-smartpantry-api\\vendor\\laravel\\framework\\src\\Illuminate\\Container\\BoundMethod.php(36): Illuminate\\Foundation\\Console\\PackageDiscoverCommand->handle()
#6 D:\\php\\laravel-insomnia-smartpantry-api\\vendor\\laravel\\framework\\src\\Illuminate\\Container\\Util.php(40): Illuminate\\Container\\BoundMethod::Illuminate\\Container\\{closure}()
#7 D:\\php\\laravel-insomnia-smartpantry-api\\vendor\\laravel\\framework\\src\\Illuminate\\Container\\BoundMethod.php(93): Illuminate\\Container\\Util::unwrapIfClosure()
#8 D:\\php\\laravel-insomnia-smartpantry-api\\vendor\\laravel\\framework\\src\\Illuminate\\Container\\BoundMethod.php(37): Illuminate\\Container\\BoundMethod::callBoundMethod()
#9 D:\\php\\laravel-insomnia-smartpantry-api\\vendor\\laravel\\framework\\src\\Illuminate\\Container\\Container.php(651): Illuminate\\Container\\BoundMethod::call()
#10 D:\\php\\laravel-insomnia-smartpantry-api\\vendor\\laravel\\framework\\src\\Illuminate\\Console\\Command.php(136): Illuminate\\Container\\Container->call()
#11 D:\\php\\laravel-insomnia-smartpantry-api\\vendor\\symfony\\console\\Command\\Command.php(299): Illuminate\\Console\\Command->execute()
#12 D:\\php\\laravel-insomnia-smartpantry-api\\vendor\\laravel\\framework\\src\\Illuminate\\Console\\Command.php(121): Symfony\\Component\\Console\\Command\\Command->run()
#13 D:\\php\\laravel-insomnia-smartpantry-api\\vendor\\symfony\\console\\Application.php(978): Illuminate\\Console\\Command->run()
#14 D:\\php\\laravel-insomnia-smartpantry-api\\vendor\\symfony\\console\\Application.php(295): Symfony\\Component\\Console\\Application->doRunCommand()
#15 D:\\php\\laravel-insomnia-smartpantry-api\\vendor\\symfony\\console\\Application.php(167): Symfony\\Component\\Console\\Application->doRun()
#16 D:\\php\\laravel-insomnia-smartpantry-api\\vendor\\laravel\\framework\\src\\Illuminate\\Console\\Application.php(92): Symfony\\Component\\Console\\Application->run()
#17 D:\\php\\laravel-insomnia-smartpantry-api\\vendor\\laravel\\framework\\src\\Illuminate\\Foundation\\Console\\Kernel.php(129): Illuminate\\Console\\Application->run()
#18 D:\\php\\laravel-insomnia-smartpantry-api\\artisan(37): Illuminate\\Foundation\\Console\\Kernel->handle()
#19 {main}
"} 
[2021-07-11 13:14:55] local.ERROR: rename(D:\php\laravel-insomnia-smartpantry-api\bootstrap\cache\pac418C.tmp,D:\php\laravel-insomnia-smartpantry-api\bootstrap\cache\packages.php): Access is denied (code: 5) {"exception":"[object] (ErrorException(code: 0): rename(D:\\php\\laravel-insomnia-smartpantry-api\\bootstrap\\cache\\pac418C.tmp,D:\\php\\laravel-insomnia-smartpantry-api\\bootstrap\\cache\\packages.php): Access is denied (code: 5) at D:\\php\\laravel-insomnia-smartpantry-api\\vendor\\laravel\\framework\\src\\Illuminate\\Filesystem\\Filesystem.php:211)
[stacktrace]
#0 [internal function]: Illuminate\\Foundation\\Bootstrap\\HandleExceptions->handleError()
#1 D:\\php\\laravel-insomnia-smartpantry-api\\vendor\\laravel\\framework\\src\\Illuminate\\Filesystem\\Filesystem.php(211): rename()
#2 D:\\php\\laravel-insomnia-smartpantry-api\\vendor\\laravel\\framework\\src\\Illuminate\\Foundation\\PackageManifest.php(181): Illuminate\\Filesystem\\Filesystem->replace()
#3 D:\\php\\laravel-insomnia-smartpantry-api\\vendor\\laravel\\framework\\src\\Illuminate\\Foundation\\PackageManifest.php(136): Illuminate\\Foundation\\PackageManifest->write()
#4 D:\\php\\laravel-insomnia-smartpantry-api\\vendor\\laravel\\framework\\src\\Illuminate\\Foundation\\Console\\PackageDiscoverCommand.php(32): Illuminate\\Foundation\\PackageManifest->build()
#5 D:\\php\\laravel-insomnia-smartpantry-api\\vendor\\laravel\\framework\\src\\Illuminate\\Container\\BoundMethod.php(36): Illuminate\\Foundation\\Console\\PackageDiscoverCommand->handle()
#6 D:\\php\\laravel-insomnia-smartpantry-api\\vendor\\laravel\\framework\\src\\Illuminate\\Container\\Util.php(40): Illuminate\\Container\\BoundMethod::Illuminate\\Container\\{closure}()
#7 D:\\php\\laravel-insomnia-smartpantry-api\\vendor\\laravel\\framework\\src\\Illuminate\\Container\\BoundMethod.php(93): Illuminate\\Container\\Util::unwrapIfClosure()
#8 D:\\php\\laravel-insomnia-smartpantry-api\\vendor\\laravel\\framework\\src\\Illuminate\\Container\\BoundMethod.php(37): Illuminate\\Container\\BoundMethod::callBoundMethod()
#9 D:\\php\\laravel-insomnia-smartpantry-api\\vendor\\laravel\\framework\\src\\Illuminate\\Container\\Container.php(651): Illuminate\\Container\\BoundMethod::call()
#10 D:\\php\\laravel-insomnia-smartpantry-api\\vendor\\laravel\\framework\\src\\Illuminate\\Console\\Command.php(136): Illuminate\\Container\\Container->call()
#11 D:\\php\\laravel-insomnia-smartpantry-api\\vendor\\symfony\\console\\Command\\Command.php(299): Illuminate\\Console\\Command->execute()
#12 D:\\php\\laravel-insomnia-smartpantry-api\\vendor\\laravel\\framework\\src\\Illuminate\\Console\\Command.php(121): Symfony\\Component\\Console\\Command\\Command->run()
#13 D:\\php\\laravel-insomnia-smartpantry-api\\vendor\\symfony\\console\\Application.php(978): Illuminate\\Console\\Command->run()
#14 D:\\php\\laravel-insomnia-smartpantry-api\\vendor\\symfony\\console\\Application.php(295): Symfony\\Component\\Console\\Application->doRunCommand()
#15 D:\\php\\laravel-insomnia-smartpantry-api\\vendor\\symfony\\console\\Application.php(167): Symfony\\Component\\Console\\Application->doRun()
#16 D:\\php\\laravel-insomnia-smartpantry-api\\vendor\\laravel\\framework\\src\\Illuminate\\Console\\Application.php(92): Symfony\\Component\\Console\\Application->run()
#17 D:\\php\\laravel-insomnia-smartpantry-api\\vendor\\laravel\\framework\\src\\Illuminate\\Foundation\\Console\\Kernel.php(129): Illuminate\\Console\\Application->run()
#18 D:\\php\\laravel-insomnia-smartpantry-api\\artisan(37): Illuminate\\Foundation\\Console\\Kernel->handle()
#19 {main}
"} 
[2021-07-11 13:15:11] local.ERROR: rename(D:\php\laravel-insomnia-smartpantry-api\bootstrap\cache\pac81C2.tmp,D:\php\laravel-insomnia-smartpantry-api\bootstrap\cache\packages.php): Access is denied (code: 5) {"exception":"[object] (ErrorException(code: 0): rename(D:\\php\\laravel-insomnia-smartpantry-api\\bootstrap\\cache\\pac81C2.tmp,D:\\php\\laravel-insomnia-smartpantry-api\\bootstrap\\cache\\packages.php): Access is denied (code: 5) at D:\\php\\laravel-insomnia-smartpantry-api\\vendor\\laravel\\framework\\src\\Illuminate\\Filesystem\\Filesystem.php:211)
[stacktrace]
#0 [internal function]: Illuminate\\Foundation\\Bootstrap\\HandleExceptions->handleError()
#1 D:\\php\\laravel-insomnia-smartpantry-api\\vendor\\laravel\\framework\\src\\Illuminate\\Filesystem\\Filesystem.php(211): rename()
#2 D:\\php\\laravel-insomnia-smartpantry-api\\vendor\\laravel\\framework\\src\\Illuminate\\Foundation\\PackageManifest.php(181): Illuminate\\Filesystem\\Filesystem->replace()
#3 D:\\php\\laravel-insomnia-smartpantry-api\\vendor\\laravel\\framework\\src\\Illuminate\\Foundation\\PackageManifest.php(136): Illuminate\\Foundation\\PackageManifest->write()
#4 D:\\php\\laravel-insomnia-smartpantry-api\\vendor\\laravel\\framework\\src\\Illuminate\\Foundation\\Console\\PackageDiscoverCommand.php(32): Illuminate\\Foundation\\PackageManifest->build()
#5 D:\\php\\laravel-insomnia-smartpantry-api\\vendor\\laravel\\framework\\src\\Illuminate\\Container\\BoundMethod.php(36): Illuminate\\Foundation\\Console\\PackageDiscoverCommand->handle()
#6 D:\\php\\laravel-insomnia-smartpantry-api\\vendor\\laravel\\framework\\src\\Illuminate\\Container\\Util.php(40): Illuminate\\Container\\BoundMethod::Illuminate\\Container\\{closure}()
#7 D:\\php\\laravel-insomnia-smartpantry-api\\vendor\\laravel\\framework\\src\\Illuminate\\Container\\BoundMethod.php(93): Illuminate\\Container\\Util::unwrapIfClosure()
#8 D:\\php\\laravel-insomnia-smartpantry-api\\vendor\\laravel\\framework\\src\\Illuminate\\Container\\BoundMethod.php(37): Illuminate\\Container\\BoundMethod::callBoundMethod()
#9 D:\\php\\laravel-insomnia-smartpantry-api\\vendor\\laravel\\framework\\src\\Illuminate\\Container\\Container.php(651): Illuminate\\Container\\BoundMethod::call()
#10 D:\\php\\laravel-insomnia-smartpantry-api\\vendor\\laravel\\framework\\src\\Illuminate\\Console\\Command.php(136): Illuminate\\Container\\Container->call()
#11 D:\\php\\laravel-insomnia-smartpantry-api\\vendor\\symfony\\console\\Command\\Command.php(299): Illuminate\\Console\\Command->execute()
#12 D:\\php\\laravel-insomnia-smartpantry-api\\vendor\\laravel\\framework\\src\\Illuminate\\Console\\Command.php(121): Symfony\\Component\\Console\\Command\\Command->run()
#13 D:\\php\\laravel-insomnia-smartpantry-api\\vendor\\symfony\\console\\Application.php(978): Illuminate\\Console\\Command->run()
#14 D:\\php\\laravel-insomnia-smartpantry-api\\vendor\\symfony\\console\\Application.php(295): Symfony\\Component\\Console\\Application->doRunCommand()
#15 D:\\php\\laravel-insomnia-smartpantry-api\\vendor\\symfony\\console\\Application.php(167): Symfony\\Component\\Console\\Application->doRun()
#16 D:\\php\\laravel-insomnia-smartpantry-api\\vendor\\laravel\\framework\\src\\Illuminate\\Console\\Application.php(92): Symfony\\Component\\Console\\Application->run()
#17 D:\\php\\laravel-insomnia-smartpantry-api\\vendor\\laravel\\framework\\src\\Illuminate\\Foundation\\Console\\Kernel.php(129): Illuminate\\Console\\Application->run()
#18 D:\\php\\laravel-insomnia-smartpantry-api\\artisan(37): Illuminate\\Foundation\\Console\\Kernel->handle()
#19 {main}
"} 
[2021-07-11 13:15:25] local.ERROR: rename(D:\php\laravel-insomnia-smartpantry-api\bootstrap\cache\pacB881.tmp,D:\php\laravel-insomnia-smartpantry-api\bootstrap\cache\packages.php): Access is denied (code: 5) {"exception":"[object] (ErrorException(code: 0): rename(D:\\php\\laravel-insomnia-smartpantry-api\\bootstrap\\cache\\pacB881.tmp,D:\\php\\laravel-insomnia-smartpantry-api\\bootstrap\\cache\\packages.php): Access is denied (code: 5) at D:\\php\\laravel-insomnia-smartpantry-api\\vendor\\laravel\\framework\\src\\Illuminate\\Filesystem\\Filesystem.php:211)
[stacktrace]
#0 [internal function]: Illuminate\\Foundation\\Bootstrap\\HandleExceptions->handleError()
#1 D:\\php\\laravel-insomnia-smartpantry-api\\vendor\\laravel\\framework\\src\\Illuminate\\Filesystem\\Filesystem.php(211): rename()
#2 D:\\php\\laravel-insomnia-smartpantry-api\\vendor\\laravel\\framework\\src\\Illuminate\\Foundation\\PackageManifest.php(181): Illuminate\\Filesystem\\Filesystem->replace()
#3 D:\\php\\laravel-insomnia-smartpantry-api\\vendor\\laravel\\framework\\src\\Illuminate\\Foundation\\PackageManifest.php(136): Illuminate\\Foundation\\PackageManifest->write()
#4 D:\\php\\laravel-insomnia-smartpantry-api\\vendor\\laravel\\framework\\src\\Illuminate\\Foundation\\Console\\PackageDiscoverCommand.php(32): Illuminate\\Foundation\\PackageManifest->build()
#5 D:\\php\\laravel-insomnia-smartpantry-api\\vendor\\laravel\\framework\\src\\Illuminate\\Container\\BoundMethod.php(36): Illuminate\\Foundation\\Console\\PackageDiscoverCommand->handle()
#6 D:\\php\\laravel-insomnia-smartpantry-api\\vendor\\laravel\\framework\\src\\Illuminate\\Container\\Util.php(40): Illuminate\\Container\\BoundMethod::Illuminate\\Container\\{closure}()
#7 D:\\php\\laravel-insomnia-smartpantry-api\\vendor\\laravel\\framework\\src\\Illuminate\\Container\\BoundMethod.php(93): Illuminate\\Container\\Util::unwrapIfClosure()
#8 D:\\php\\laravel-insomnia-smartpantry-api\\vendor\\laravel\\framework\\src\\Illuminate\\Container\\BoundMethod.php(37): Illuminate\\Container\\BoundMethod::callBoundMethod()
#9 D:\\php\\laravel-insomnia-smartpantry-api\\vendor\\laravel\\framework\\src\\Illuminate\\Container\\Container.php(651): Illuminate\\Container\\BoundMethod::call()
#10 D:\\php\\laravel-insomnia-smartpantry-api\\vendor\\laravel\\framework\\src\\Illuminate\\Console\\Command.php(136): Illuminate\\Container\\Container->call()
#11 D:\\php\\laravel-insomnia-smartpantry-api\\vendor\\symfony\\console\\Command\\Command.php(299): Illuminate\\Console\\Command->execute()
#12 D:\\php\\laravel-insomnia-smartpantry-api\\vendor\\laravel\\framework\\src\\Illuminate\\Console\\Command.php(121): Symfony\\Component\\Console\\Command\\Command->run()
#13 D:\\php\\laravel-insomnia-smartpantry-api\\vendor\\symfony\\console\\Application.php(978): Illuminate\\Console\\Command->run()
#14 D:\\php\\laravel-insomnia-smartpantry-api\\vendor\\symfony\\console\\Application.php(295): Symfony\\Component\\Console\\Application->doRunCommand()
#15 D:\\php\\laravel-insomnia-smartpantry-api\\vendor\\symfony\\console\\Application.php(167): Symfony\\Component\\Console\\Application->doRun()
#16 D:\\php\\laravel-insomnia-smartpantry-api\\vendor\\laravel\\framework\\src\\Illuminate\\Console\\Application.php(92): Symfony\\Component\\Console\\Application->run()
#17 D:\\php\\laravel-insomnia-smartpantry-api\\vendor\\laravel\\framework\\src\\Illuminate\\Foundation\\Console\\Kernel.php(129): Illuminate\\Console\\Application->run()
#18 D:\\php\\laravel-insomnia-smartpantry-api\\artisan(37): Illuminate\\Foundation\\Console\\Kernel->handle()
#19 {main}
"} 
[2021-07-11 13:15:47] local.ERROR: rename(D:\php\laravel-insomnia-smartpantry-api\bootstrap\cache\pacE52.tmp,D:\php\laravel-insomnia-smartpantry-api\bootstrap\cache\packages.php): Access is denied (code: 5) {"exception":"[object] (ErrorException(code: 0): rename(D:\\php\\laravel-insomnia-smartpantry-api\\bootstrap\\cache\\pacE52.tmp,D:\\php\\laravel-insomnia-smartpantry-api\\bootstrap\\cache\\packages.php): Access is denied (code: 5) at D:\\php\\laravel-insomnia-smartpantry-api\\vendor\\laravel\\framework\\src\\Illuminate\\Filesystem\\Filesystem.php:211)
[stacktrace]
#0 [internal function]: Illuminate\\Foundation\\Bootstrap\\HandleExceptions->handleError()
#1 D:\\php\\laravel-insomnia-smartpantry-api\\vendor\\laravel\\framework\\src\\Illuminate\\Filesystem\\Filesystem.php(211): rename()
#2 D:\\php\\laravel-insomnia-smartpantry-api\\vendor\\laravel\\framework\\src\\Illuminate\\Foundation\\PackageManifest.php(181): Illuminate\\Filesystem\\Filesystem->replace()
#3 D:\\php\\laravel-insomnia-smartpantry-api\\vendor\\laravel\\framework\\src\\Illuminate\\Foundation\\PackageManifest.php(136): Illuminate\\Foundation\\PackageManifest->write()
#4 D:\\php\\laravel-insomnia-smartpantry-api\\vendor\\laravel\\framework\\src\\Illuminate\\Foundation\\Console\\PackageDiscoverCommand.php(32): Illuminate\\Foundation\\PackageManifest->build()
#5 D:\\php\\laravel-insomnia-smartpantry-api\\vendor\\laravel\\framework\\src\\Illuminate\\Container\\BoundMethod.php(36): Illuminate\\Foundation\\Console\\PackageDiscoverCommand->handle()
#6 D:\\php\\laravel-insomnia-smartpantry-api\\vendor\\laravel\\framework\\src\\Illuminate\\Container\\Util.php(40): Illuminate\\Container\\BoundMethod::Illuminate\\Container\\{closure}()
#7 D:\\php\\laravel-insomnia-smartpantry-api\\vendor\\laravel\\framework\\src\\Illuminate\\Container\\BoundMethod.php(93): Illuminate\\Container\\Util::unwrapIfClosure()
#8 D:\\php\\laravel-insomnia-smartpantry-api\\vendor\\laravel\\framework\\src\\Illuminate\\Container\\BoundMethod.php(37): Illuminate\\Container\\BoundMethod::callBoundMethod()
#9 D:\\php\\laravel-insomnia-smartpantry-api\\vendor\\laravel\\framework\\src\\Illuminate\\Container\\Container.php(651): Illuminate\\Container\\BoundMethod::call()
#10 D:\\php\\laravel-insomnia-smartpantry-api\\vendor\\laravel\\framework\\src\\Illuminate\\Console\\Command.php(136): Illuminate\\Container\\Container->call()
#11 D:\\php\\laravel-insomnia-smartpantry-api\\vendor\\symfony\\console\\Command\\Command.php(299): Illuminate\\Console\\Command->execute()
#12 D:\\php\\laravel-insomnia-smartpantry-api\\vendor\\laravel\\framework\\src\\Illuminate\\Console\\Command.php(121): Symfony\\Component\\Console\\Command\\Command->run()
#13 D:\\php\\laravel-insomnia-smartpantry-api\\vendor\\symfony\\console\\Application.php(978): Illuminate\\Console\\Command->run()
#14 D:\\php\\laravel-insomnia-smartpantry-api\\vendor\\symfony\\console\\Application.php(295): Symfony\\Component\\Console\\Application->doRunCommand()
#15 D:\\php\\laravel-insomnia-smartpantry-api\\vendor\\symfony\\console\\Application.php(167): Symfony\\Component\\Console\\Application->doRun()
#16 D:\\php\\laravel-insomnia-smartpantry-api\\vendor\\laravel\\framework\\src\\Illuminate\\Console\\Application.php(92): Symfony\\Component\\Console\\Application->run()
#17 D:\\php\\laravel-insomnia-smartpantry-api\\vendor\\laravel\\framework\\src\\Illuminate\\Foundation\\Console\\Kernel.php(129): Illuminate\\Console\\Application->run()
#18 D:\\php\\laravel-insomnia-smartpantry-api\\artisan(37): Illuminate\\Foundation\\Console\\Kernel->handle()
#19 {main}
"} 
[2021-07-11 13:16:00] local.ERROR: rename(D:\php\laravel-insomnia-smartpantry-api\bootstrap\cache\pac3ED8.tmp,D:\php\laravel-insomnia-smartpantry-api\bootstrap\cache\packages.php): Access is denied (code: 5) {"exception":"[object] (ErrorException(code: 0): rename(D:\\php\\laravel-insomnia-smartpantry-api\\bootstrap\\cache\\pac3ED8.tmp,D:\\php\\laravel-insomnia-smartpantry-api\\bootstrap\\cache\\packages.php): Access is denied (code: 5) at D:\\php\\laravel-insomnia-smartpantry-api\\vendor\\laravel\\framework\\src\\Illuminate\\Filesystem\\Filesystem.php:211)
[stacktrace]
#0 [internal function]: Illuminate\\Foundation\\Bootstrap\\HandleExceptions->handleError()
#1 D:\\php\\laravel-insomnia-smartpantry-api\\vendor\\laravel\\framework\\src\\Illuminate\\Filesystem\\Filesystem.php(211): rename()
#2 D:\\php\\laravel-insomnia-smartpantry-api\\vendor\\laravel\\framework\\src\\Illuminate\\Foundation\\PackageManifest.php(181): Illuminate\\Filesystem\\Filesystem->replace()
#3 D:\\php\\laravel-insomnia-smartpantry-api\\vendor\\laravel\\framework\\src\\Illuminate\\Foundation\\PackageManifest.php(136): Illuminate\\Foundation\\PackageManifest->write()
#4 D:\\php\\laravel-insomnia-smartpantry-api\\vendor\\laravel\\framework\\src\\Illuminate\\Foundation\\Console\\PackageDiscoverCommand.php(32): Illuminate\\Foundation\\PackageManifest->build()
#5 D:\\php\\laravel-insomnia-smartpantry-api\\vendor\\laravel\\framework\\src\\Illuminate\\Container\\BoundMethod.php(36): Illuminate\\Foundation\\Console\\PackageDiscoverCommand->handle()
#6 D:\\php\\laravel-insomnia-smartpantry-api\\vendor\\laravel\\framework\\src\\Illuminate\\Container\\Util.php(40): Illuminate\\Container\\BoundMethod::Illuminate\\Container\\{closure}()
#7 D:\\php\\laravel-insomnia-smartpantry-api\\vendor\\laravel\\framework\\src\\Illuminate\\Container\\BoundMethod.php(93): Illuminate\\Container\\Util::unwrapIfClosure()
#8 D:\\php\\laravel-insomnia-smartpantry-api\\vendor\\laravel\\framework\\src\\Illuminate\\Container\\BoundMethod.php(37): Illuminate\\Container\\BoundMethod::callBoundMethod()
#9 D:\\php\\laravel-insomnia-smartpantry-api\\vendor\\laravel\\framework\\src\\Illuminate\\Container\\Container.php(651): Illuminate\\Container\\BoundMethod::call()
#10 D:\\php\\laravel-insomnia-smartpantry-api\\vendor\\laravel\\framework\\src\\Illuminate\\Console\\Command.php(136): Illuminate\\Container\\Container->call()
#11 D:\\php\\laravel-insomnia-smartpantry-api\\vendor\\symfony\\console\\Command\\Command.php(299): Illuminate\\Console\\Command->execute()
#12 D:\\php\\laravel-insomnia-smartpantry-api\\vendor\\laravel\\framework\\src\\Illuminate\\Console\\Command.php(121): Symfony\\Component\\Console\\Command\\Command->run()
#13 D:\\php\\laravel-insomnia-smartpantry-api\\vendor\\symfony\\console\\Application.php(978): Illuminate\\Console\\Command->run()
#14 D:\\php\\laravel-insomnia-smartpantry-api\\vendor\\symfony\\console\\Application.php(295): Symfony\\Component\\Console\\Application->doRunCommand()
#15 D:\\php\\laravel-insomnia-smartpantry-api\\vendor\\symfony\\console\\Application.php(167): Symfony\\Component\\Console\\Application->doRun()
#16 D:\\php\\laravel-insomnia-smartpantry-api\\vendor\\laravel\\framework\\src\\Illuminate\\Console\\Application.php(92): Symfony\\Component\\Console\\Application->run()
#17 D:\\php\\laravel-insomnia-smartpantry-api\\vendor\\laravel\\framework\\src\\Illuminate\\Foundation\\Console\\Kernel.php(129): Illuminate\\Console\\Application->run()
#18 D:\\php\\laravel-insomnia-smartpantry-api\\artisan(37): Illuminate\\Foundation\\Console\\Kernel->handle()
#19 {main}
"} 
[2023-02-25 23:06:49] local.ERROR: SQLSTATE[HY000] [1049] Unknown database 'laravel' (SQL: select * from information_schema.tables where table_schema = laravel and table_name = migrations and table_type = 'BASE TABLE') {"exception":"[object] (Illuminate\\Database\\QueryException(code: 1049): SQLSTATE[HY000] [1049] Unknown database 'laravel' (SQL: select * from information_schema.tables where table_schema = laravel and table_name = migrations and table_type = 'BASE TABLE') at C:\\Users\\a_t_v\\Pantry\\smart\\laravel-insomnia-smartpantry-api\\vendor\\laravel\\framework\\src\\Illuminate\\Database\\Connection.php:712)
[stacktrace]
#0 C:\\Users\\a_t_v\\Pantry\\smart\\laravel-insomnia-smartpantry-api\\vendor\\laravel\\framework\\src\\Illuminate\\Database\\Connection.php(672): Illuminate\\Database\\Connection->runQueryCallback()
#1 C:\\Users\\a_t_v\\Pantry\\smart\\laravel-insomnia-smartpantry-api\\vendor\\laravel\\framework\\src\\Illuminate\\Database\\Connection.php(359): Illuminate\\Database\\Connection->run()
#2 C:\\Users\\a_t_v\\Pantry\\smart\\laravel-insomnia-smartpantry-api\\vendor\\laravel\\framework\\src\\Illuminate\\Database\\Schema\\MySqlBuilder.php(43): Illuminate\\Database\\Connection->select()
#3 C:\\Users\\a_t_v\\Pantry\\smart\\laravel-insomnia-smartpantry-api\\vendor\\laravel\\framework\\src\\Illuminate\\Database\\Migrations\\DatabaseMigrationRepository.php(169): Illuminate\\Database\\Schema\\MySqlBuilder->hasTable()
#4 C:\\Users\\a_t_v\\Pantry\\smart\\laravel-insomnia-smartpantry-api\\vendor\\laravel\\framework\\src\\Illuminate\\Database\\Migrations\\Migrator.php(673): Illuminate\\Database\\Migrations\\DatabaseMigrationRepository->repositoryExists()
#5 C:\\Users\\a_t_v\\Pantry\\smart\\laravel-insomnia-smartpantry-api\\vendor\\laravel\\framework\\src\\Illuminate\\Database\\Console\\Migrations\\MigrateCommand.php(110): Illuminate\\Database\\Migrations\\Migrator->repositoryExists()
#6 C:\\Users\\a_t_v\\Pantry\\smart\\laravel-insomnia-smartpantry-api\\vendor\\laravel\\framework\\src\\Illuminate\\Database\\Console\\Migrations\\MigrateCommand.php(78): Illuminate\\Database\\Console\\Migrations\\MigrateCommand->prepareDatabase()
#7 C:\\Users\\a_t_v\\Pantry\\smart\\laravel-insomnia-smartpantry-api\\vendor\\laravel\\framework\\src\\Illuminate\\Database\\Migrations\\Migrator.php(606): Illuminate\\Database\\Console\\Migrations\\MigrateCommand->Illuminate\\Database\\Console\\Migrations\\{closure}()
#8 C:\\Users\\a_t_v\\Pantry\\smart\\laravel-insomnia-smartpantry-api\\vendor\\laravel\\framework\\src\\Illuminate\\Database\\Console\\Migrations\\MigrateCommand.php(77): Illuminate\\Database\\Migrations\\Migrator->usingConnection()
#9 C:\\Users\\a_t_v\\Pantry\\smart\\laravel-insomnia-smartpantry-api\\vendor\\laravel\\framework\\src\\Illuminate\\Container\\BoundMethod.php(36): Illuminate\\Database\\Console\\Migrations\\MigrateCommand->handle()
#10 C:\\Users\\a_t_v\\Pantry\\smart\\laravel-insomnia-smartpantry-api\\vendor\\laravel\\framework\\src\\Illuminate\\Container\\Util.php(40): Illuminate\\Container\\BoundMethod::Illuminate\\Container\\{closure}()
#11 C:\\Users\\a_t_v\\Pantry\\smart\\laravel-insomnia-smartpantry-api\\vendor\\laravel\\framework\\src\\Illuminate\\Container\\BoundMethod.php(93): Illuminate\\Container\\Util::unwrapIfClosure()
#12 C:\\Users\\a_t_v\\Pantry\\smart\\laravel-insomnia-smartpantry-api\\vendor\\laravel\\framework\\src\\Illuminate\\Container\\BoundMethod.php(35): Illuminate\\Container\\BoundMethod::callBoundMethod()
#13 C:\\Users\\a_t_v\\Pantry\\smart\\laravel-insomnia-smartpantry-api\\vendor\\laravel\\framework\\src\\Illuminate\\Container\\Container.php(653): Illuminate\\Container\\BoundMethod::call()
#14 C:\\Users\\a_t_v\\Pantry\\smart\\laravel-insomnia-smartpantry-api\\vendor\\laravel\\framework\\src\\Illuminate\\Console\\Command.php(136): Illuminate\\Container\\Container->call()
#15 C:\\Users\\a_t_v\\Pantry\\smart\\laravel-insomnia-smartpantry-api\\vendor\\symfony\\console\\Command\\Command.php(298): Illuminate\\Console\\Command->execute()
#16 C:\\Users\\a_t_v\\Pantry\\smart\\laravel-insomnia-smartpantry-api\\vendor\\laravel\\framework\\src\\Illuminate\\Console\\Command.php(120): Symfony\\Component\\Console\\Command\\Command->run()
#17 C:\\Users\\a_t_v\\Pantry\\smart\\laravel-insomnia-smartpantry-api\\vendor\\symfony\\console\\Application.php(1040): Illuminate\\Console\\Command->run()
#18 C:\\Users\\a_t_v\\Pantry\\smart\\laravel-insomnia-smartpantry-api\\vendor\\symfony\\console\\Application.php(301): Symfony\\Component\\Console\\Application->doRunCommand()
#19 C:\\Users\\a_t_v\\Pantry\\smart\\laravel-insomnia-smartpantry-api\\vendor\\symfony\\console\\Application.php(171): Symfony\\Component\\Console\\Application->doRun()
#20 C:\\Users\\a_t_v\\Pantry\\smart\\laravel-insomnia-smartpantry-api\\vendor\\laravel\\framework\\src\\Illuminate\\Console\\Application.php(94): Symfony\\Component\\Console\\Application->run()
#21 C:\\Users\\a_t_v\\Pantry\\smart\\laravel-insomnia-smartpantry-api\\vendor\\laravel\\framework\\src\\Illuminate\\Foundation\\Console\\Kernel.php(129): Illuminate\\Console\\Application->run()
#22 C:\\Users\\a_t_v\\Pantry\\smart\\laravel-insomnia-smartpantry-api\\artisan(35): Illuminate\\Foundation\\Console\\Kernel->handle()
#23 {main}

[previous exception] [object] (PDOException(code: 1049): SQLSTATE[HY000] [1049] Unknown database 'laravel' at C:\\Users\\a_t_v\\Pantry\\smart\\laravel-insomnia-smartpantry-api\\vendor\\laravel\\framework\\src\\Illuminate\\Database\\Connectors\\Connector.php:70)
[stacktrace]
#0 C:\\Users\\a_t_v\\Pantry\\smart\\laravel-insomnia-smartpantry-api\\vendor\\laravel\\framework\\src\\Illuminate\\Database\\Connectors\\Connector.php(70): PDO->__construct()
#1 C:\\Users\\a_t_v\\Pantry\\smart\\laravel-insomnia-smartpantry-api\\vendor\\laravel\\framework\\src\\Illuminate\\Database\\Connectors\\Connector.php(45): Illuminate\\Database\\Connectors\\Connector->createPdoConnection()
#2 C:\\Users\\a_t_v\\Pantry\\smart\\laravel-insomnia-smartpantry-api\\vendor\\laravel\\framework\\src\\Illuminate\\Database\\Connectors\\MySqlConnector.php(24): Illuminate\\Database\\Connectors\\Connector->createConnection()
#3 C:\\Users\\a_t_v\\Pantry\\smart\\laravel-insomnia-smartpantry-api\\vendor\\laravel\\framework\\src\\Illuminate\\Database\\Connectors\\ConnectionFactory.php(184): Illuminate\\Database\\Connectors\\MySqlConnector->connect()
#4 [internal function]: Illuminate\\Database\\Connectors\\ConnectionFactory->Illuminate\\Database\\Connectors\\{closure}()
#5 C:\\Users\\a_t_v\\Pantry\\smart\\laravel-insomnia-smartpantry-api\\vendor\\laravel\\framework\\src\\Illuminate\\Database\\Connection.php(1064): call_user_func()
#6 C:\\Users\\a_t_v\\Pantry\\smart\\laravel-insomnia-smartpantry-api\\vendor\\laravel\\framework\\src\\Illuminate\\Database\\Connection.php(1100): Illuminate\\Database\\Connection->getPdo()
#7 C:\\Users\\a_t_v\\Pantry\\smart\\laravel-insomnia-smartpantry-api\\vendor\\laravel\\framework\\src\\Illuminate\\Database\\Connection.php(442): Illuminate\\Database\\Connection->getReadPdo()
#8 C:\\Users\\a_t_v\\Pantry\\smart\\laravel-insomnia-smartpantry-api\\vendor\\laravel\\framework\\src\\Illuminate\\Database\\Connection.php(368): Illuminate\\Database\\Connection->getPdoForSelect()
#9 C:\\Users\\a_t_v\\Pantry\\smart\\laravel-insomnia-smartpantry-api\\vendor\\laravel\\framework\\src\\Illuminate\\Database\\Connection.php(705): Illuminate\\Database\\Connection->Illuminate\\Database\\{closure}()
#10 C:\\Users\\a_t_v\\Pantry\\smart\\laravel-insomnia-smartpantry-api\\vendor\\laravel\\framework\\src\\Illuminate\\Database\\Connection.php(672): Illuminate\\Database\\Connection->runQueryCallback()
#11 C:\\Users\\a_t_v\\Pantry\\smart\\laravel-insomnia-smartpantry-api\\vendor\\laravel\\framework\\src\\Illuminate\\Database\\Connection.php(359): Illuminate\\Database\\Connection->run()
#12 C:\\Users\\a_t_v\\Pantry\\smart\\laravel-insomnia-smartpantry-api\\vendor\\laravel\\framework\\src\\Illuminate\\Database\\Schema\\MySqlBuilder.php(43): Illuminate\\Database\\Connection->select()
#13 C:\\Users\\a_t_v\\Pantry\\smart\\laravel-insomnia-smartpantry-api\\vendor\\laravel\\framework\\src\\Illuminate\\Database\\Migrations\\DatabaseMigrationRepository.php(169): Illuminate\\Database\\Schema\\MySqlBuilder->hasTable()
#14 C:\\Users\\a_t_v\\Pantry\\smart\\laravel-insomnia-smartpantry-api\\vendor\\laravel\\framework\\src\\Illuminate\\Database\\Migrations\\Migrator.php(673): Illuminate\\Database\\Migrations\\DatabaseMigrationRepository->repositoryExists()
#15 C:\\Users\\a_t_v\\Pantry\\smart\\laravel-insomnia-smartpantry-api\\vendor\\laravel\\framework\\src\\Illuminate\\Database\\Console\\Migrations\\MigrateCommand.php(110): Illuminate\\Database\\Migrations\\Migrator->repositoryExists()
#16 C:\\Users\\a_t_v\\Pantry\\smart\\laravel-insomnia-smartpantry-api\\vendor\\laravel\\framework\\src\\Illuminate\\Database\\Console\\Migrations\\MigrateCommand.php(78): Illuminate\\Database\\Console\\Migrations\\MigrateCommand->prepareDatabase()
#17 C:\\Users\\a_t_v\\Pantry\\smart\\laravel-insomnia-smartpantry-api\\vendor\\laravel\\framework\\src\\Illuminate\\Database\\Migrations\\Migrator.php(606): Illuminate\\Database\\Console\\Migrations\\MigrateCommand->Illuminate\\Database\\Console\\Migrations\\{closure}()
#18 C:\\Users\\a_t_v\\Pantry\\smart\\laravel-insomnia-smartpantry-api\\vendor\\laravel\\framework\\src\\Illuminate\\Database\\Console\\Migrations\\MigrateCommand.php(77): Illuminate\\Database\\Migrations\\Migrator->usingConnection()
#19 C:\\Users\\a_t_v\\Pantry\\smart\\laravel-insomnia-smartpantry-api\\vendor\\laravel\\framework\\src\\Illuminate\\Container\\BoundMethod.php(36): Illuminate\\Database\\Console\\Migrations\\MigrateCommand->handle()
#20 C:\\Users\\a_t_v\\Pantry\\smart\\laravel-insomnia-smartpantry-api\\vendor\\laravel\\framework\\src\\Illuminate\\Container\\Util.php(40): Illuminate\\Container\\BoundMethod::Illuminate\\Container\\{closure}()
#21 C:\\Users\\a_t_v\\Pantry\\smart\\laravel-insomnia-smartpantry-api\\vendor\\laravel\\framework\\src\\Illuminate\\Container\\BoundMethod.php(93): Illuminate\\Container\\Util::unwrapIfClosure()
#22 C:\\Users\\a_t_v\\Pantry\\smart\\laravel-insomnia-smartpantry-api\\vendor\\laravel\\framework\\src\\Illuminate\\Container\\BoundMethod.php(35): Illuminate\\Container\\BoundMethod::callBoundMethod()
#23 C:\\Users\\a_t_v\\Pantry\\smart\\laravel-insomnia-smartpantry-api\\vendor\\laravel\\framework\\src\\Illuminate\\Container\\Container.php(653): Illuminate\\Container\\BoundMethod::call()
#24 C:\\Users\\a_t_v\\Pantry\\smart\\laravel-insomnia-smartpantry-api\\vendor\\laravel\\framework\\src\\Illuminate\\Console\\Command.php(136): Illuminate\\Container\\Container->call()
#25 C:\\Users\\a_t_v\\Pantry\\smart\\laravel-insomnia-smartpantry-api\\vendor\\symfony\\console\\Command\\Command.php(298): Illuminate\\Console\\Command->execute()
#26 C:\\Users\\a_t_v\\Pantry\\smart\\laravel-insomnia-smartpantry-api\\vendor\\laravel\\framework\\src\\Illuminate\\Console\\Command.php(120): Symfony\\Component\\Console\\Command\\Command->run()
#27 C:\\Users\\a_t_v\\Pantry\\smart\\laravel-insomnia-smartpantry-api\\vendor\\symfony\\console\\Application.php(1040): Illuminate\\Console\\Command->run()
#28 C:\\Users\\a_t_v\\Pantry\\smart\\laravel-insomnia-smartpantry-api\\vendor\\symfony\\console\\Application.php(301): Symfony\\Component\\Console\\Application->doRunCommand()
#29 C:\\Users\\a_t_v\\Pantry\\smart\\laravel-insomnia-smartpantry-api\\vendor\\symfony\\console\\Application.php(171): Symfony\\Component\\Console\\Application->doRun()
#30 C:\\Users\\a_t_v\\Pantry\\smart\\laravel-insomnia-smartpantry-api\\vendor\\laravel\\framework\\src\\Illuminate\\Console\\Application.php(94): Symfony\\Component\\Console\\Application->run()
#31 C:\\Users\\a_t_v\\Pantry\\smart\\laravel-insomnia-smartpantry-api\\vendor\\laravel\\framework\\src\\Illuminate\\Foundation\\Console\\Kernel.php(129): Illuminate\\Console\\Application->run()
#32 C:\\Users\\a_t_v\\Pantry\\smart\\laravel-insomnia-smartpantry-api\\artisan(35): Illuminate\\Foundation\\Console\\Kernel->handle()
#33 {main}
"} 
[2023-02-25 23:09:25] local.ERROR: Method Illuminate\Database\Schema\Blueprint::int does not exist. {"exception":"[object] (BadMethodCallException(code: 0): Method Illuminate\\Database\\Schema\\Blueprint::int does not exist. at C:\\Users\\a_t_v\\Pantry\\smart\\laravel-insomnia-smartpantry-api\\vendor\\laravel\\framework\\src\\Illuminate\\Macroable\\Traits\\Macroable.php:113)
[stacktrace]
#0 C:\\Users\\a_t_v\\Pantry\\smart\\laravel-insomnia-smartpantry-api\\database\\migrations\\2014_10_12_000000_create_users_table.php(24): Illuminate\\Database\\Schema\\Blueprint->__call()
#1 C:\\Users\\a_t_v\\Pantry\\smart\\laravel-insomnia-smartpantry-api\\vendor\\laravel\\framework\\src\\Illuminate\\Database\\Schema\\Builder.php(226): CreateUsersTable->{closure}()
#2 C:\\Users\\a_t_v\\Pantry\\smart\\laravel-insomnia-smartpantry-api\\vendor\\laravel\\framework\\src\\Illuminate\\Support\\helpers.php(263): Illuminate\\Database\\Schema\\Builder->Illuminate\\Database\\Schema\\{closure}()
#3 C:\\Users\\a_t_v\\Pantry\\smart\\laravel-insomnia-smartpantry-api\\vendor\\laravel\\framework\\src\\Illuminate\\Database\\Schema\\Builder.php(223): tap()
#4 C:\\Users\\a_t_v\\Pantry\\smart\\laravel-insomnia-smartpantry-api\\vendor\\laravel\\framework\\src\\Illuminate\\Support\\Facades\\Facade.php(261): Illuminate\\Database\\Schema\\Builder->create()
#5 C:\\Users\\a_t_v\\Pantry\\smart\\laravel-insomnia-smartpantry-api\\database\\migrations\\2014_10_12_000000_create_users_table.php(16): Illuminate\\Support\\Facades\\Facade::__callStatic()
#6 C:\\Users\\a_t_v\\Pantry\\smart\\laravel-insomnia-smartpantry-api\\vendor\\laravel\\framework\\src\\Illuminate\\Database\\Migrations\\Migrator.php(472): CreateUsersTable->up()
#7 C:\\Users\\a_t_v\\Pantry\\smart\\laravel-insomnia-smartpantry-api\\vendor\\laravel\\framework\\src\\Illuminate\\Database\\Migrations\\Migrator.php(394): Illuminate\\Database\\Migrations\\Migrator->runMethod()
#8 C:\\Users\\a_t_v\\Pantry\\smart\\laravel-insomnia-smartpantry-api\\vendor\\laravel\\framework\\src\\Illuminate\\Database\\Migrations\\Migrator.php(403): Illuminate\\Database\\Migrations\\Migrator->Illuminate\\Database\\Migrations\\{closure}()
#9 C:\\Users\\a_t_v\\Pantry\\smart\\laravel-insomnia-smartpantry-api\\vendor\\laravel\\framework\\src\\Illuminate\\Database\\Migrations\\Migrator.php(202): Illuminate\\Database\\Migrations\\Migrator->runMigration()
#10 C:\\Users\\a_t_v\\Pantry\\smart\\laravel-insomnia-smartpantry-api\\vendor\\laravel\\framework\\src\\Illuminate\\Database\\Migrations\\Migrator.php(167): Illuminate\\Database\\Migrations\\Migrator->runUp()
#11 C:\\Users\\a_t_v\\Pantry\\smart\\laravel-insomnia-smartpantry-api\\vendor\\laravel\\framework\\src\\Illuminate\\Database\\Migrations\\Migrator.php(112): Illuminate\\Database\\Migrations\\Migrator->runPending()
#12 C:\\Users\\a_t_v\\Pantry\\smart\\laravel-insomnia-smartpantry-api\\vendor\\laravel\\framework\\src\\Illuminate\\Database\\Console\\Migrations\\MigrateCommand.php(84): Illuminate\\Database\\Migrations\\Migrator->run()
#13 C:\\Users\\a_t_v\\Pantry\\smart\\laravel-insomnia-smartpantry-api\\vendor\\laravel\\framework\\src\\Illuminate\\Database\\Migrations\\Migrator.php(606): Illuminate\\Database\\Console\\Migrations\\MigrateCommand->Illuminate\\Database\\Console\\Migrations\\{closure}()
#14 C:\\Users\\a_t_v\\Pantry\\smart\\laravel-insomnia-smartpantry-api\\vendor\\laravel\\framework\\src\\Illuminate\\Database\\Console\\Migrations\\MigrateCommand.php(77): Illuminate\\Database\\Migrations\\Migrator->usingConnection()
#15 C:\\Users\\a_t_v\\Pantry\\smart\\laravel-insomnia-smartpantry-api\\vendor\\laravel\\framework\\src\\Illuminate\\Container\\BoundMethod.php(36): Illuminate\\Database\\Console\\Migrations\\MigrateCommand->handle()
#16 C:\\Users\\a_t_v\\Pantry\\smart\\laravel-insomnia-smartpantry-api\\vendor\\laravel\\framework\\src\\Illuminate\\Container\\Util.php(40): Illuminate\\Container\\BoundMethod::Illuminate\\Container\\{closure}()
#17 C:\\Users\\a_t_v\\Pantry\\smart\\laravel-insomnia-smartpantry-api\\vendor\\laravel\\framework\\src\\Illuminate\\Container\\BoundMethod.php(93): Illuminate\\Container\\Util::unwrapIfClosure()
#18 C:\\Users\\a_t_v\\Pantry\\smart\\laravel-insomnia-smartpantry-api\\vendor\\laravel\\framework\\src\\Illuminate\\Container\\BoundMethod.php(35): Illuminate\\Container\\BoundMethod::callBoundMethod()
#19 C:\\Users\\a_t_v\\Pantry\\smart\\laravel-insomnia-smartpantry-api\\vendor\\laravel\\framework\\src\\Illuminate\\Container\\Container.php(653): Illuminate\\Container\\BoundMethod::call()
#20 C:\\Users\\a_t_v\\Pantry\\smart\\laravel-insomnia-smartpantry-api\\vendor\\laravel\\framework\\src\\Illuminate\\Console\\Command.php(136): Illuminate\\Container\\Container->call()
#21 C:\\Users\\a_t_v\\Pantry\\smart\\laravel-insomnia-smartpantry-api\\vendor\\symfony\\console\\Command\\Command.php(298): Illuminate\\Console\\Command->execute()
#22 C:\\Users\\a_t_v\\Pantry\\smart\\laravel-insomnia-smartpantry-api\\vendor\\laravel\\framework\\src\\Illuminate\\Console\\Command.php(120): Symfony\\Component\\Console\\Command\\Command->run()
#23 C:\\Users\\a_t_v\\Pantry\\smart\\laravel-insomnia-smartpantry-api\\vendor\\symfony\\console\\Application.php(1040): Illuminate\\Console\\Command->run()
#24 C:\\Users\\a_t_v\\Pantry\\smart\\laravel-insomnia-smartpantry-api\\vendor\\symfony\\console\\Application.php(301): Symfony\\Component\\Console\\Application->doRunCommand()
#25 C:\\Users\\a_t_v\\Pantry\\smart\\laravel-insomnia-smartpantry-api\\vendor\\symfony\\console\\Application.php(171): Symfony\\Component\\Console\\Application->doRun()
#26 C:\\Users\\a_t_v\\Pantry\\smart\\laravel-insomnia-smartpantry-api\\vendor\\laravel\\framework\\src\\Illuminate\\Console\\Application.php(94): Symfony\\Component\\Console\\Application->run()
#27 C:\\Users\\a_t_v\\Pantry\\smart\\laravel-insomnia-smartpantry-api\\vendor\\laravel\\framework\\src\\Illuminate\\Foundation\\Console\\Kernel.php(129): Illuminate\\Console\\Application->run()
#28 C:\\Users\\a_t_v\\Pantry\\smart\\laravel-insomnia-smartpantry-api\\artisan(35): Illuminate\\Foundation\\Console\\Kernel->handle()
#29 {main}
"} 
